Log file open, 10/23/17 12:58:28
LogWindows: Failed to load 'aqProf.dll' (GetLastError=126)
LogWindows: File 'aqProf.dll' does not exist
LogWindows: Failed to load 'VtuneApi.dll' (GetLastError=126)
LogWindows: File 'VtuneApi.dll' does not exist
LogWindows: Failed to load 'VtuneApi32e.dll' (GetLastError=126)
LogWindows: File 'VtuneApi32e.dll' does not exist
LogInit: Display: Running engine for game: UnrealBilliards
LogPlatformFile: Not using cached read wrapper
LogInit: Display: RandInit(-1906550651) SRandInit(-1906550651).
LogTaskGraph: Started task graph with 5 named threads and 14 total threads with 3 sets of task threads.
LogStats: Stats thread started at 0.173211
LogD3D11RHI: Aftermath initialized
LogPluginManager: Mounting plugin Paper2D
LogPluginManager: Mounting plugin LightPropagationVolume
LogPluginManager: Mounting plugin CodeLiteSourceCodeAccess
LogPluginManager: Mounting plugin GitSourceControl
LogPluginManager: Mounting plugin KDevelopSourceCodeAccess
LogPluginManager: Mounting plugin NullSourceCodeAccess
LogPluginManager: Mounting plugin PerforceSourceControl
LogPluginManager: Mounting plugin SubversionSourceControl
LogPluginManager: Mounting plugin UObjectPlugin
LogPluginManager: Mounting plugin VisualStudioSourceCodeAccess
LogPluginManager: Mounting plugin XCodeSourceCodeAccess
LogPluginManager: Mounting plugin AssetManagerEditor
LogPluginManager: Mounting plugin AudioCapture
LogPluginManager: Mounting plugin FacialAnimation
LogPluginManager: Mounting plugin GameplayTagsEditor
LogPluginManager: Mounting plugin MobileLauncherProfileWizard
LogPluginManager: Mounting plugin PluginBrowser
LogPluginManager: Mounting plugin SpeedTreeImporter
LogPluginManager: Mounting plugin AlembicImporter
LogPluginManager: Mounting plugin CharacterAI
LogPluginManager: Mounting plugin HTML5Networking
LogPluginManager: Mounting plugin AndroidMedia
LogPluginManager: Mounting plugin AvfMedia
LogPluginManager: Mounting plugin MediaPlayerEditor
LogPluginManager: Mounting plugin WmfMedia
LogPluginManager: Mounting plugin TcpMessaging
LogPluginManager: Mounting plugin UdpMessaging
LogPluginManager: Mounting plugin LevelSequenceEditor
LogPluginManager: Mounting plugin MatineeToLevelSequence
LogPluginManager: Mounting plugin OnlineSubsystemGooglePlay
LogPluginManager: Mounting plugin OnlineSubsystemIOS
LogPluginManager: Mounting plugin OnlineSubsystem
LogPluginManager: Mounting plugin OnlineSubsystemNull
LogPluginManager: Mounting plugin OnlineSubsystemUtils
LogPluginManager: Mounting plugin AndroidDeviceProfileSelector
LogPluginManager: Mounting plugin AndroidMoviePlayer
LogPluginManager: Mounting plugin AndroidPermission
LogPluginManager: Mounting plugin AppleMoviePlayer
LogPluginManager: Mounting plugin ArchVisCharacter
LogPluginManager: Mounting plugin CableComponent
LogPluginManager: Mounting plugin CustomMeshComponent
LogPluginManager: Mounting plugin ExampleDeviceProfileSelector
LogPluginManager: Mounting plugin GoogleCloudMessaging
LogPluginManager: Mounting plugin ImmediatePhysics
LogPluginManager: Mounting plugin IOSDeviceProfileSelector
LogPluginManager: Mounting plugin LinuxDeviceProfileSelector
LogPluginManager: Mounting plugin LocationServicesBPLibrary
LogPluginManager: Mounting plugin MobilePatchingUtils
LogPluginManager: Mounting plugin OculusVR
LogPluginManager: Mounting plugin PhysXVehicles
LogPluginManager: Mounting plugin ProceduralMeshComponent
LogPluginManager: Mounting plugin RuntimePhysXCooking
LogPluginManager: Mounting plugin SteamVR
LogPluginManager: Mounting plugin WindowsMoviePlayer
LogInit: Using libcurl 7.47.1
LogInit:  - built for x86_64-pc-win32
LogInit:  - supports SSL with OpenSSL/1.0.2g
LogInit:  - supports HTTP deflate (compression) using libz 1.2.8
LogInit:  - other features:
LogInit:      CURL_VERSION_SSL
LogInit:      CURL_VERSION_LIBZ
LogInit:      CURL_VERSION_IPV6
LogInit:      CURL_VERSION_ASYNCHDNS
LogInit:      CURL_VERSION_LARGEFILE
LogInit:      CURL_VERSION_IDN
LogInit:  CurlRequestOptions (configurable via config and command line):
LogInit:  - bVerifyPeer = false  - Libcurl will NOT verify peer certificate
LogInit:  - bUseHttpProxy = false  - Libcurl will NOT use HTTP proxy
LogInit:  - bDontReuseConnections = false  - Libcurl will reuse connections
LogInit:  - CertBundlePath = nullptr  - Libcurl will use whatever was configured at build time.
LogInit: Build: ++UE4+Release-4.17-CL-3658906
LogInit: Engine Version: 4.17.2-3658906+++UE4+Release-4.17
LogInit: Compatible Engine Version: 4.17.0-3573198+++UE4+Release-4.17
LogInit: Net CL: 3573198
LogDevObjectVersion: Number of dev versions registered: 16
LogDevObjectVersion:   Dev-Blueprints (B0D832E4-1F89-4F0D-ACCF-7EB736FD4AA2): 10
LogDevObjectVersion:   Dev-Build (E1C64328-A22C-4D53-A36C-8E866417BD8C): 0
LogDevObjectVersion:   Dev-Core (375EC13C-06E4-48FB-B500-84F0262A717E): 2
LogDevObjectVersion:   Dev-Editor (E4B068ED-F494-42E9-A231-DA0B2E46BB41): 20
LogDevObjectVersion:   Dev-Framework (CFFC743F-43B0-4480-9391-14DF171D2073): 28
LogDevObjectVersion:   Dev-Mobile (B02B49B5-BB20-44E9-A304-32B752E40360): 0
LogDevObjectVersion:   Dev-Networking (A4E4105C-59A1-49B5-A7C5-40C4547EDFEE): 0
LogDevObjectVersion:   Dev-Online (39C831C9-5AE6-47DC-9A44-9C173E1C8E7C): 0
LogDevObjectVersion:   Dev-Physics (78F01B33-EBEA-4F98-B9B4-84EACCB95AA2): 0
LogDevObjectVersion:   Dev-Platform (6631380F-2D4D-43E0-8009-CF276956A95A): 0
LogDevObjectVersion:   Dev-Rendering (12F88B9F-8875-4AFC-A67C-D90C383ABD29): 19
LogDevObjectVersion:   Dev-Sequencer (7B5AE74C-D270-4C10-A958-57980B212A5A): 4
LogDevObjectVersion:   Dev-VR (D7296918-1DD6-4BDD-9DE2-64A83CC13884): 0
LogDevObjectVersion:   Dev-LoadTimes (C2A15278-BFE7-4AFE-6C17-90FF531DF755): 1
LogDevObjectVersion:   Private-Geometry (6EACA3D4-40EC-4CC1-B786-8BED09428FC5): 1
LogDevObjectVersion:   Dev-AnimPhys (29E575DD-E0A3-4627-9D10-D276232CDCEA): 7
LogInit: Compiled (64-bit): Sep 22 2017 13:47:16
LogInit: Compiled with Visual C++: 19.00.24215.01
LogInit: Build Configuration: Development
LogInit: Branch Name: ++UE4+Release-4.17
LogInit: Command line:  
LogInit: Base directory: C:/Program Files/Epic Games/4.17/Engine/Binaries/Win64/
LogInit: Installed Engine Build: 1
LogInit: Presizing for max 8388607 objects, including 0 objects not considered by GC, pre-allocating 0 bytes for permanent pool.
LogInit: Object subsystem initialized
[2017.10.23-10.58.28:618][  0]LogInit: Selected Device Profile: [Windows]
[2017.10.23-10.58.28:618][  0]LogInit: Applying CVar settings loaded from the selected device profile: [Windows]
[2017.10.23-10.58.28:627][  0]LogInit: Computer: 3SE-SPEL-65
[2017.10.23-10.58.28:627][  0]LogInit: User: svenos
[2017.10.23-10.58.28:627][  0]LogInit: CPU Page size=4096, Cores=4
[2017.10.23-10.58.28:627][  0]LogInit: High frequency timer resolution =3.123212 MHz
[2017.10.23-10.58.28:627][  0]LogMemory: Memory total: Physical=7.9GB (8GB approx)
[2017.10.23-10.58.28:627][  0]LogMemory: Platform Memory Stats for Windows
[2017.10.23-10.58.28:627][  0]LogMemory: Process Physical Memory: 279.56 MB used, 279.56 MB peak
[2017.10.23-10.58.28:627][  0]LogMemory: Process Virtual Memory: 276.74 MB used, 276.74 MB peak
[2017.10.23-10.58.28:627][  0]LogMemory: Physical Memory: 5479.64 MB used,  2655.55 MB free, 8135.20 MB total
[2017.10.23-10.58.28:627][  0]LogMemory: Virtual Memory: 653.16 MB used,  2655.55 MB free, 8388608.00 MB total
[2017.10.23-10.58.28:765][  0]LogInit: Using OS detected language (sv-SE).
[2017.10.23-10.58.28:765][  0]LogInit: Using OS detected locale (sv-SE).
[2017.10.23-10.58.28:770][  0]LogTextLocalizationManager: No localization for 'sv-SE' exists, so 'en' will be used for the language.
[2017.10.23-10.58.28:770][  0]LogTextLocalizationManager: No localization for 'sv-SE' exists, so 'en' will be used for the locale.
[2017.10.23-10.58.29:592][  0]LogD3D11RHI: D3D11 adapters:
[2017.10.23-10.58.29:615][  0]LogD3D11RHI:    0. 'NVIDIA GeForce GTX 970' (Feature Level 11_0)
[2017.10.23-10.58.29:615][  0]LogD3D11RHI:       4007/0/3811 MB DedicatedVideo/DedicatedSystem/SharedSystem, Outputs:2, VendorId:0x10de
[2017.10.23-10.58.29:615][  0]LogD3D11RHI: Chosen D3D11 Adapter: 0
[2017.10.23-10.58.29:619][  0]LogD3D11RHI: Creating new Direct3DDevice
[2017.10.23-10.58.29:619][  0]LogD3D11RHI:     GPU DeviceId: 0x13c2 (for the marketing name, search the web for "GPU Device Id")
[2017.10.23-10.58.29:619][  0]LogWindows: EnumDisplayDevices:
[2017.10.23-10.58.29:620][  0]LogWindows:    0. 'NVIDIA GeForce GTX 970' (P:1 D:1)
[2017.10.23-10.58.29:620][  0]LogWindows:    1. 'NVIDIA GeForce GTX 970' (P:0 D:1)
[2017.10.23-10.58.29:620][  0]LogWindows:    2. 'NVIDIA GeForce GTX 970' (P:0 D:0)
[2017.10.23-10.58.29:620][  0]LogWindows:    3. 'NVIDIA GeForce GTX 970' (P:0 D:0)
[2017.10.23-10.58.29:620][  0]LogWindows:    4. 'RDPDD Chained DD' (P:0 D:0)
[2017.10.23-10.58.29:620][  0]LogWindows:    5. 'RDP Encoder Mirror Driver' (P:0 D:0)
[2017.10.23-10.58.29:620][  0]LogWindows:    6. 'RDP Reflector Display Driver' (P:0 D:0)
[2017.10.23-10.58.29:620][  0]LogWindows: DebugString: GetVideoDriverDetailsInvalid PrimaryIsNotTheChoosenAdapter GetVideoDriverDetailsInvalid PrimaryIsNotTheChoosenAdapter GetVideoDriverDetailsInvalid PrimaryIsNotTheChoosenAdapter FoundDriverCount:4 
[2017.10.23-10.58.29:620][  0]LogD3D11RHI:     Adapter Name: NVIDIA GeForce GTX 970
[2017.10.23-10.58.29:620][  0]LogD3D11RHI:   Driver Version: 372.54 (internal:21.21.13.7254, unified:372.54)
[2017.10.23-10.58.29:620][  0]LogD3D11RHI:      Driver Date: 8-11-2016
[2017.10.23-10.58.29:620][  0]LogRHI: Texture pool is 1361 MB (70% of 1945 MB)
[2017.10.23-10.58.29:631][  0]LogD3D11RHI: Async texture creation enabled
[2017.10.23-10.58.29:646][  0]LogD3D11RHI: GPU Timing Frequency: 1000.000000 (Debug: 2 2)
[2017.10.23-10.58.29:740][  0]LogShaderCompilers: Guid format shader working directory is -3 characters bigger than the processId version (D:/UnrealProjects/Unreal Billiards/UnrealBilliards/Intermediate/Shaders/WorkingDirectory/7120/).
[2017.10.23-10.58.29:740][  0]LogShaderCompilers: Cleaned the shader compiler working directory 'C:/Users/svenos/AppData/Local/Temp/UnrealShaderWorkingDir/3A40FEBF4962D4DD8A9BA88C4596C0C7/'.
[2017.10.23-10.58.29:740][  0]LogShaderCompilers: Display: Using Local Shader Compiler.
[2017.10.23-10.58.30:632][  0]LogTemp: Display: Loaded TP AllDesktopTargetPlatform
[2017.10.23-10.58.30:681][  0]LogTemp: Display: Loaded TP MacClientTargetPlatform
[2017.10.23-10.58.30:729][  0]LogTemp: Display: Loaded TP MacNoEditorTargetPlatform
[2017.10.23-10.58.30:777][  0]LogTemp: Display: Loaded TP MacServerTargetPlatform
[2017.10.23-10.58.30:826][  0]LogTemp: Display: Loaded TP MacTargetPlatform
[2017.10.23-10.58.30:874][  0]LogTemp: Display: Loaded TP WindowsClientTargetPlatform
[2017.10.23-10.58.30:923][  0]LogTemp: Display: Loaded TP WindowsNoEditorTargetPlatform
[2017.10.23-10.58.30:971][  0]LogTemp: Display: Loaded TP WindowsServerTargetPlatform
[2017.10.23-10.58.31:012][  0]LogTemp: Display: Loaded TP WindowsTargetPlatform
[2017.10.23-10.58.31:059][  0]LogTemp: Display: Loaded TP AndroidTargetPlatform
[2017.10.23-10.58.31:107][  0]LogTemp: Display: Loaded TP Android_ASTCTargetPlatform
[2017.10.23-10.58.31:154][  0]LogTemp: Display: Loaded TP Android_ATCTargetPlatform
[2017.10.23-10.58.31:201][  0]LogTemp: Display: Loaded TP Android_DXTTargetPlatform
[2017.10.23-10.58.31:249][  0]LogTemp: Display: Loaded TP Android_ETC1TargetPlatform
[2017.10.23-10.58.31:296][  0]LogTemp: Display: Loaded TP Android_ETC2TargetPlatform
[2017.10.23-10.58.31:390][  0]LogTemp: Display: Loaded TP Android_MultiTargetPlatform
[2017.10.23-10.58.31:390][  0]LogTemp: Display: Loaded TP Android_PVRTCTargetPlatform
[2017.10.23-10.58.31:425][  0]LogTemp: Display: Loaded TP HTML5TargetPlatform
[2017.10.23-10.58.31:509][  0]LogTemp: Display: Loaded TP IOSTargetPlatform
[2017.10.23-10.58.31:534][  0]LogTemp: Display: Loaded TP TVOSTargetPlatform
[2017.10.23-10.58.31:581][  0]LogTemp: Display: Loaded TP LinuxClientTargetPlatform
[2017.10.23-10.58.31:629][  0]LogTemp: Display: Loaded TP LinuxNoEditorTargetPlatform
[2017.10.23-10.58.31:676][  0]LogTemp: Display: Loaded TP LinuxServerTargetPlatform
[2017.10.23-10.58.31:724][  0]LogTemp: Display: Loaded TP LinuxTargetPlatform
[2017.10.23-10.58.31:724][  0]LogTargetPlatformManager: Display: Building Assets For Windows
[2017.10.23-10.58.32:119][  0]LogDerivedDataCache: Display: Max Cache Size: 512 MB
[2017.10.23-10.58.32:240][  0]LogDerivedDataCache: Loaded boot cache 0.12s 93MB C:/Users/svenos/AppData/Local/UnrealEngine/4.17/DerivedDataCache/Boot.ddc.
[2017.10.23-10.58.32:240][  0]LogDerivedDataCache: Display: Loaded Boot cache: C:/Users/svenos/AppData/Local/UnrealEngine/4.17/DerivedDataCache/Boot.ddc
[2017.10.23-10.58.32:240][  0]LogDerivedDataCache: FDerivedDataBackendGraph:  Pak pak cache file D:/UnrealProjects/Unreal Billiards/UnrealBilliards/DerivedDataCache/DDC.ddp not found, will not use a pak cache.
[2017.10.23-10.58.32:240][  0]LogDerivedDataCache: Unable to find inner node Pak for hierarchical cache Hierarchy.
[2017.10.23-10.58.32:240][  0]LogDerivedDataCache: FDerivedDataBackendGraph:  CompressedPak pak cache file D:/UnrealProjects/Unreal Billiards/UnrealBilliards/DerivedDataCache/Compressed.ddp not found, will not use a pak cache.
[2017.10.23-10.58.32:240][  0]LogDerivedDataCache: Unable to find inner node CompressedPak for hierarchical cache Hierarchy.
[2017.10.23-10.58.32:260][  0]LogDerivedDataCache: Display: Pak cache opened for reading ../../../Engine/DerivedDataCache/Compressed.ddp.
[2017.10.23-10.58.32:272][  0]LogDerivedDataCache: Using Local data cache path C:/Users/svenos/AppData/Local/UnrealEngine/Common/DerivedDataCache: Writable
[2017.10.23-10.58.32:283][  0]LogMaterial: Verifying Global Shaders for PCD3D_SM5
[2017.10.23-10.58.32:283][  0]LogSlate: Using Freetype 2.6.0
[2017.10.23-10.58.32:284][  0]LogSlate: SlateFontCache - WITH_FREETYPE: 1, WITH_HARFBUZZ: 1
[2017.10.23-10.58.32:284][  0]LogSlate: SlateFontCache - WITH_FREETYPE: 1, WITH_HARFBUZZ: 1
[2017.10.23-10.58.32:612][  0]LogAssetRegistry: FAssetRegistry took 0.0249 seconds to start up
[2017.10.23-10.58.32:790][  0]LogInit: Selected Device Profile: [Windows]
[2017.10.23-10.58.32:795][  0]LogContentStreaming: Texture pool size is 0.00 MB
[2017.10.23-10.58.33:164][  0]LogSimplygon: Simplygon DLL not present - disabling.
[2017.10.23-10.58.33:201][  0]LogMeshReduction: Using SimplygonSwarm for distributed automatic mesh merging
[2017.10.23-10.58.33:201][  0]LogMeshReduction: Using QuadricMeshReduction for automatic static mesh reduction
[2017.10.23-10.58.33:201][  0]LogMeshReduction: No automatic skeletal mesh reduction module available
[2017.10.23-10.58.33:201][  0]LogMeshReduction: No automatic mesh merging module available
[2017.10.23-10.58.33:201][  0]LogMeshMerging: No automatic mesh merging module available
[2017.10.23-10.58.33:596][  0]LogNetVersion: UnrealBilliards , NetCL: 3573198, EngineNetVer: 2, GameNetVer: 0 (Checksum: 3242063523)
[2017.10.23-10.58.33:800][  0]LogPackageLocalizationCache: Processed 5 localized package path(s) for 1 prioritized culture(s) in 0.030191 seconds
[2017.10.23-10.58.33:807][  0]LogUObjectArray: 35825 objects as part of root set at end of initial load.
[2017.10.23-10.58.33:807][  0]LogUObjectAllocator: 7529104 out of 0 bytes used by permanent object pool.
[2017.10.23-10.58.33:807][  0]LogUObjectArray: CloseDisregardForGC: 0/0 objects in disregard for GC pool
[2017.10.23-10.58.33:852][  0]LogInit: WinSock: version 1.1 (2.2), MaxSocks=32767, MaxUdp=65467
[2017.10.23-10.58.36:659][  0]LogTcpMessaging: Initializing TcpMessaging bridge
[2017.10.23-10.58.36:690][  0]LogUdpMessaging: Initializing bridge on interface 0.0.0.0:0 to multicast group 230.0.0.1:6666.
[2017.10.23-10.58.37:285][  0]LogMaterial: Uniform references updated for custom material expression Custom.
[2017.10.23-10.58.37:668][  0]SourceControl: Source control is disabled
[2017.10.23-10.58.37:669][  0]SourceControl: Source control is disabled
[2017.10.23-10.58.37:711][  0]SourceControl: Source control is disabled
[2017.10.23-10.58.37:751][  0]SourceControl: Source control is disabled
[2017.10.23-10.58.38:248][  0]LogAndroidPermission: UAndroidPermissionCallbackProxy::GetInstance
[2017.10.23-10.58.38:457][  0]LogOcInput: OculusInput pre-init called
[2017.10.23-10.58.38:690][  0]LogEngine: Initializing Engine...
[2017.10.23-10.58.38:691][  0]LogHMD: Failed to initialize OpenVR with code 110
[2017.10.23-10.58.38:946][  0]LogStats: UGameplayTagsManager::ConstructGameplayTagTree: Construct from data asset -  0.000 s
[2017.10.23-10.58.38:946][  0]LogStats: UGameplayTagsManager::ConstructGameplayTagTree: GameplayTagTreeChangedEvent.Broadcast -  0.000 s
[2017.10.23-10.58.39:083][  0]LogAIModule: Creating AISystem for world Untitled
[2017.10.23-10.58.39:092][  0]LogInit: XAudio2 using 'Digitalt ljud (S/PDIF) (High Definition Audio Device)' : 2 channels at 44.1 kHz using 16 bits per sample (channel mask 0x3)
[2017.10.23-10.58.39:098][  0]LogInit: FAudioDevice initialized.
[2017.10.23-10.58.39:314][  0]LogDerivedDataCache: Saved boot cache 0.22s 93MB C:/Users/svenos/AppData/Local/UnrealEngine/4.17/DerivedDataCache/Boot.ddc.
[2017.10.23-10.58.39:320][  0]LogInit: Texture streaming: Enabled
[2017.10.23-10.58.39:420][  0]LogEngineSessionManager: EngineSessionManager initialized
[2017.10.23-10.58.39:420][  0]LogEngineSessionManager: EngineSessionManager sent abnormal shutdown report. Type=AbnormalShutdown, SessionId={97630597-47B1-3463-4384-239D15AB485C}
[2017.10.23-10.58.39:643][  0]LogInit: Transaction tracking system initialized
[2017.10.23-10.58.39:958][  0]BlueprintLog: New page: Editor Load
[2017.10.23-10.58.40:862][  0]LocalizationService: Localization service is disabled
[2017.10.23-10.58.41:545][  0]LogConsoleResponse: Display: 
[2017.10.23-10.58.41:719][  0]LogCook: Display: Max memory allowance for cook 16384mb min free memory 0mb
[2017.10.23-10.58.41:719][  0]LogCook: Display: Mobile HDR setting 1
[2017.10.23-10.58.41:719][  0]LogGameplayTags: Display: UGameplayTagsManager::DoneAddingNativeTags. DelegateIsBound: 0
[2017.10.23-10.58.41:842][  0]LogFileCache: Scanning file cache for directory 'D:/UnrealProjects/Unreal Billiards/UnrealBilliards/Content/' took 0.01s
[2017.10.23-10.58.42:625][  0]SourceControl: Source control is disabled
[2017.10.23-10.58.42:703][  0]LogSlate: Took 0.000450 seconds to synchronously load lazily loaded font '../../../Engine/Content/Slate/Fonts/Roboto-Regular.ttf' (155K)
[2017.10.23-10.59.07:268][  0]LogWindowsTextInputMethodSystem: Display: IME system now deactivated.
[2017.10.23-10.59.07:269][  0]Cmd: MAP LOAD FILE="../../../Engine/Content/Maps/Templates/Template_Default.umap" TEMPLATE=1 SHOWPROGRESS=1 FEATURELEVEL=3
[2017.10.23-10.59.07:270][  0]LightingResults: New page: Lighting Build
[2017.10.23-10.59.07:310][  0]MapCheck: New page: Map Check
[2017.10.23-10.59.07:310][  0]LightingResults: New page: Lighting Build
[2017.10.23-10.59.07:505][  0]LogAIModule: Creating AISystem for world Untitled_1
[2017.10.23-10.59.07:513][  0]LogEditorServer: Finished looking for orphan Actors (0.000 secs)
[2017.10.23-10.59.07:528][  0]Cmd: MAP CHECKDEP NOCLEARLOG
[2017.10.23-10.59.07:577][  0]MapCheck: Map check complete: 0 Error(s), 0 Warning(s), took 49.762ms to complete.
[2017.10.23-10.59.07:578][  0]LogFileHelpers: Loading map 'Template_Default' took 0.309
[2017.10.23-10.59.07:675][  0]LogStats: Warning: MetaData mismatch. Did you assign a stat to two groups? New //STATGROUP_Threads//SplashScreenThread///Thread_1b18_0///####STATCAT_Advanced#### old //STATGROUP_Threads//SplashScreenThread///Thread_948_0///####STATCAT_Advanced####
[2017.10.23-10.59.07:675][  0]LogCollectionManager: Loaded 0 collections in 0.001256 seconds
[2017.10.23-10.59.07:756][  0]LogFileCache: Scanning file cache for directory 'D:/UnrealProjects/Unreal Billiards/UnrealBilliards/Saved/Collections/' took 0.01s
[2017.10.23-10.59.07:756][  0]LogFileCache: Scanning file cache for directory 'D:/UnrealProjects/Unreal Billiards/UnrealBilliards/Content/Developers/svenos/Collections/' took 0.01s
[2017.10.23-10.59.07:756][  0]LogFileCache: Scanning file cache for directory 'D:/UnrealProjects/Unreal Billiards/UnrealBilliards/Content/Collections/' took 0.01s
[2017.10.23-10.59.07:756][  0]LogCollectionManager: Rebuilt the GUID cache for 0 collections in 0.000001 seconds
[2017.10.23-10.59.07:765][  0]LogContentBrowser: Native class hierarchy populated in 0.0096 seconds. Added 2386 classes and 500 folders.
[2017.10.23-10.59.07:825][  0]LogContentBrowser: Native class hierarchy updated for 'WidgetCarousel' in 0.0007 seconds. Added 0 classes and 0 folders.
[2017.10.23-10.59.07:874][  0]LogContentBrowser: Native class hierarchy updated for 'AddContentDialog' in 0.0007 seconds. Added 0 classes and 0 folders.
[2017.10.23-10.59.07:916][  0]LogContentBrowser: Native class hierarchy updated for 'SceneOutliner' in 0.0008 seconds. Added 1 classes and 2 folders.
[2017.10.23-10.59.07:939][  0]LogSlate: Took 0.000501 seconds to synchronously load lazily loaded font '../../../Engine/Content/Slate/Fonts/Roboto-Bold.ttf' (160K)
[2017.10.23-10.59.07:944][  0]LogSlate: Took 0.000514 seconds to synchronously load lazily loaded font '../../../Engine/Content/Editor/Slate/Fonts/FontAwesome.ttf' (139K)
[2017.10.23-10.59.08:065][  0]LogRenderer: Reallocating scene render targets to support 952x500 Format 10 NumSamples 1 (Frame:1).
[2017.10.23-10.59.08:247][  0]LogContentBrowser: Native class hierarchy updated for 'HierarchicalLODOutliner' in 0.0007 seconds. Added 1 classes and 2 folders.
[2017.10.23-10.59.08:247][  0]LogLoad: (Engine Initialization) Total time: 41.01 seconds
[2017.10.23-10.59.08:247][  0]LogLoad: (Engine Initialization) Total Blueprint compile time: 0.00 seconds
[2017.10.23-10.59.08:247][  0]LogExternalProfiler: Found external profiler: VSPerf
[2017.10.23-10.59.08:248][  0]LogExternalProfiler: Using external profiler: VSPerf
[2017.10.23-10.59.08:277][  0]LogContentStreaming: Texture pool size now 1000 MB
[2017.10.23-10.59.08:292][  0]LogSlate: Took 0.000296 seconds to synchronously load lazily loaded font '../../../Engine/Content/Slate/Fonts/Roboto-Light.ttf' (159K)
[2017.10.23-10.59.08:301][  1]LogAssetRegistry: Asset discovery search completed in 35.7112 seconds
[2017.10.23-10.59.08:303][  1]LogCollectionManager: Rebuilt the object cache for 0 collections in 0.000001 seconds (found 0 objects)
[2017.10.23-10.59.08:303][  1]LogCollectionManager: Fixed up redirectors for 0 collections in 0.000051 seconds (updated 0 objects)
[2017.10.23-11.01.07:106][598]LogSlate: Took 0.005466 seconds to synchronously load lazily loaded font '../../../Engine/Content/Slate/Fonts/Roboto-Light.ttf' (159K)
[2017.10.23-11.01.07:150][598]LogAIModule: Creating AISystem for world BilliardsLevel
[2017.10.23-11.01.07:168][598]Cmd: MAP LOAD FILE="D:/UnrealProjects/Unreal Billiards/UnrealBilliards/Content/Levels/BilliardsLevel.umap" TEMPLATE=0 SHOWPROGRESS=1 FEATURELEVEL=3
[2017.10.23-11.01.07:168][598]LightingResults: New page: Lighting Build
[2017.10.23-11.01.07:168][598]LoadErrors: New page: Loading map: BilliardsLevel.umap
[2017.10.23-11.01.07:169][598]MapCheck: New page: Map Check
[2017.10.23-11.01.07:169][598]LightingResults: New page: Lighting Build
[2017.10.23-11.01.07:185][598]LogEditorServer: Finished looking for orphan Actors (0.000 secs)
[2017.10.23-11.01.07:209][598]Cmd: MAP CHECKDEP NOCLEARLOG
[2017.10.23-11.01.07:258][598]MapCheck: Map check complete: 0 Error(s), 0 Warning(s), took 48.427ms to complete.
[2017.10.23-11.01.07:258][598]LogFileHelpers: Loading map 'BilliardsLevel' took 0.091
[2017.10.23-11.01.20:572][664]LogRenderer: Reallocating scene render targets to support 1432x964 Format 10 NumSamples 1 (Frame:1).
[2017.10.23-11.01.22:827][877]LogSlate: Took 0.000350 seconds to synchronously load lazily loaded font '../../../Engine/Content/Slate/Fonts/Roboto-Light.ttf' (159K)
[2017.10.23-11.02.39:674][179]Cmd: OBJ SAVEPACKAGE PACKAGE="/Game/Models/Pool_Balls/PoolBalls_2" FILE="D:/UnrealProjects/Unreal Billiards/UnrealBilliards/Content/Models/Pool_Balls/PoolBalls_2.uasset" SILENT=true
[2017.10.23-11.02.39:687][179]LogSavePackage: Save=11.16ms
[2017.10.23-11.02.39:687][179]LogSavePackage: Moving 'D:/UnrealProjects/Unreal Billiards/UnrealBilliards/Saved/PoolBalls_2E29C3A0740ACD4F3737A078F1F5B0B46.tmp' to 'D:/UnrealProjects/Unreal Billiards/UnrealBilliards/Content/Models/Pool_Balls/PoolBalls_2.uasset'
[2017.10.23-11.02.39:689][179]LogSavePackage: Display: Finished SavePackage D:/UnrealProjects/Unreal Billiards/UnrealBilliards/Content/Models/Pool_Balls/PoolBalls_2.uasset
[2017.10.23-11.02.39:703][179]Cmd: OBJ SAVEPACKAGE PACKAGE="/Game/Models/Pool_Balls/PoolBalls_ball_1" FILE="D:/UnrealProjects/Unreal Billiards/UnrealBilliards/Content/Models/Pool_Balls/PoolBalls_ball_1.uasset" SILENT=true
[2017.10.23-11.02.39:716][179]LogSavePackage: Save=11.18ms
[2017.10.23-11.02.39:716][179]LogSavePackage: Moving 'D:/UnrealProjects/Unreal Billiards/UnrealBilliards/Saved/PoolBalls_ball_1EE3DB20A418C3E5F39BA35917E07446E.tmp' to 'D:/UnrealProjects/Unreal Billiards/UnrealBilliards/Content/Models/Pool_Balls/PoolBalls_ball_1.uasset'
[2017.10.23-11.02.39:718][179]LogSavePackage: Display: Finished SavePackage D:/UnrealProjects/Unreal Billiards/UnrealBilliards/Content/Models/Pool_Balls/PoolBalls_ball_1.uasset
[2017.10.23-11.02.39:733][179]Cmd: OBJ SAVEPACKAGE PACKAGE="/Game/Models/Pool_Balls/PoolBalls_3" FILE="D:/UnrealProjects/Unreal Billiards/UnrealBilliards/Content/Models/Pool_Balls/PoolBalls_3.uasset" SILENT=true
[2017.10.23-11.02.39:746][179]LogSavePackage: Save=11.26ms
[2017.10.23-11.02.39:746][179]LogSavePackage: Moving 'D:/UnrealProjects/Unreal Billiards/UnrealBilliards/Saved/PoolBalls_3141D2D3348D1AC7A7EBD948FB0788A05.tmp' to 'D:/UnrealProjects/Unreal Billiards/UnrealBilliards/Content/Models/Pool_Balls/PoolBalls_3.uasset'
[2017.10.23-11.02.39:747][179]LogSavePackage: Display: Finished SavePackage D:/UnrealProjects/Unreal Billiards/UnrealBilliards/Content/Models/Pool_Balls/PoolBalls_3.uasset
[2017.10.23-11.02.39:762][179]Cmd: OBJ SAVEPACKAGE PACKAGE="/Game/Models/Pool_Balls/PoolBalls_4" FILE="D:/UnrealProjects/Unreal Billiards/UnrealBilliards/Content/Models/Pool_Balls/PoolBalls_4.uasset" SILENT=true
[2017.10.23-11.02.39:775][179]LogSavePackage: Save=11.26ms
[2017.10.23-11.02.39:775][179]LogSavePackage: Moving 'D:/UnrealProjects/Unreal Billiards/UnrealBilliards/Saved/PoolBalls_45A69397A44E8238D69B4CF9B0FC74E4A.tmp' to 'D:/UnrealProjects/Unreal Billiards/UnrealBilliards/Content/Models/Pool_Balls/PoolBalls_4.uasset'
[2017.10.23-11.02.39:777][179]LogSavePackage: Display: Finished SavePackage D:/UnrealProjects/Unreal Billiards/UnrealBilliards/Content/Models/Pool_Balls/PoolBalls_4.uasset
[2017.10.23-11.02.39:792][179]Cmd: OBJ SAVEPACKAGE PACKAGE="/Game/Models/Pool_Balls/PoolBalls_5" FILE="D:/UnrealProjects/Unreal Billiards/UnrealBilliards/Content/Models/Pool_Balls/PoolBalls_5.uasset" SILENT=true
[2017.10.23-11.02.39:805][179]LogSavePackage: Save=11.25ms
[2017.10.23-11.02.39:806][179]LogSavePackage: Moving 'D:/UnrealProjects/Unreal Billiards/UnrealBilliards/Saved/PoolBalls_5019A03394106373B52CD67A875FCBDD2.tmp' to 'D:/UnrealProjects/Unreal Billiards/UnrealBilliards/Content/Models/Pool_Balls/PoolBalls_5.uasset'
[2017.10.23-11.02.39:807][179]LogSavePackage: Display: Finished SavePackage D:/UnrealProjects/Unreal Billiards/UnrealBilliards/Content/Models/Pool_Balls/PoolBalls_5.uasset
[2017.10.23-11.02.39:823][179]Cmd: OBJ SAVEPACKAGE PACKAGE="/Game/Models/Pool_Balls/PoolBalls_6" FILE="D:/UnrealProjects/Unreal Billiards/UnrealBilliards/Content/Models/Pool_Balls/PoolBalls_6.uasset" SILENT=true
[2017.10.23-11.02.39:836][179]LogSavePackage: Save=11.20ms
[2017.10.23-11.02.39:836][179]LogSavePackage: Moving 'D:/UnrealProjects/Unreal Billiards/UnrealBilliards/Saved/PoolBalls_6680CAB794A5548D09D56E4A1CE74F725.tmp' to 'D:/UnrealProjects/Unreal Billiards/UnrealBilliards/Content/Models/Pool_Balls/PoolBalls_6.uasset'
[2017.10.23-11.02.39:837][179]LogSavePackage: Display: Finished SavePackage D:/UnrealProjects/Unreal Billiards/UnrealBilliards/Content/Models/Pool_Balls/PoolBalls_6.uasset
[2017.10.23-11.02.39:853][179]Cmd: OBJ SAVEPACKAGE PACKAGE="/Game/Models/Pool_Balls/PoolBalls_7" FILE="D:/UnrealProjects/Unreal Billiards/UnrealBilliards/Content/Models/Pool_Balls/PoolBalls_7.uasset" SILENT=true
[2017.10.23-11.02.39:866][179]LogSavePackage: Save=11.10ms
[2017.10.23-11.02.39:866][179]LogSavePackage: Moving 'D:/UnrealProjects/Unreal Billiards/UnrealBilliards/Saved/PoolBalls_7B596D6BF44F31697801E11AACCB0F3B0.tmp' to 'D:/UnrealProjects/Unreal Billiards/UnrealBilliards/Content/Models/Pool_Balls/PoolBalls_7.uasset'
[2017.10.23-11.02.39:868][179]LogSavePackage: Display: Finished SavePackage D:/UnrealProjects/Unreal Billiards/UnrealBilliards/Content/Models/Pool_Balls/PoolBalls_7.uasset
[2017.10.23-11.02.39:883][179]Cmd: OBJ SAVEPACKAGE PACKAGE="/Game/Models/Pool_Balls/PoolBalls_8" FILE="D:/UnrealProjects/Unreal Billiards/UnrealBilliards/Content/Models/Pool_Balls/PoolBalls_8.uasset" SILENT=true
[2017.10.23-11.02.39:895][179]LogSavePackage: Save=10.34ms
[2017.10.23-11.02.39:895][179]LogSavePackage: Moving 'D:/UnrealProjects/Unreal Billiards/UnrealBilliards/Saved/PoolBalls_8A8E7A7C3498F86383EDD1792F3EF03C1.tmp' to 'D:/UnrealProjects/Unreal Billiards/UnrealBilliards/Content/Models/Pool_Balls/PoolBalls_8.uasset'
[2017.10.23-11.02.39:897][179]LogSavePackage: Display: Finished SavePackage D:/UnrealProjects/Unreal Billiards/UnrealBilliards/Content/Models/Pool_Balls/PoolBalls_8.uasset
[2017.10.23-11.02.39:912][179]Cmd: OBJ SAVEPACKAGE PACKAGE="/Game/Models/Pool_Balls/PoolBalls_9" FILE="D:/UnrealProjects/Unreal Billiards/UnrealBilliards/Content/Models/Pool_Balls/PoolBalls_9.uasset" SILENT=true
[2017.10.23-11.02.39:925][179]LogSavePackage: Save=10.95ms
[2017.10.23-11.02.39:925][179]LogSavePackage: Moving 'D:/UnrealProjects/Unreal Billiards/UnrealBilliards/Saved/PoolBalls_9D4B60A3443F6BACB2A597890953FA8DA.tmp' to 'D:/UnrealProjects/Unreal Billiards/UnrealBilliards/Content/Models/Pool_Balls/PoolBalls_9.uasset'
[2017.10.23-11.02.39:926][179]LogSavePackage: Display: Finished SavePackage D:/UnrealProjects/Unreal Billiards/UnrealBilliards/Content/Models/Pool_Balls/PoolBalls_9.uasset
[2017.10.23-11.02.39:942][179]Cmd: OBJ SAVEPACKAGE PACKAGE="/Game/Models/Pool_Balls/PoolBalls_10" FILE="D:/UnrealProjects/Unreal Billiards/UnrealBilliards/Content/Models/Pool_Balls/PoolBalls_10.uasset" SILENT=true
[2017.10.23-11.02.39:954][179]LogSavePackage: Save=10.85ms
[2017.10.23-11.02.39:954][179]LogSavePackage: Moving 'D:/UnrealProjects/Unreal Billiards/UnrealBilliards/Saved/PoolBalls_102B9CEC5B4309938F391A98AD9A909BEF.tmp' to 'D:/UnrealProjects/Unreal Billiards/UnrealBilliards/Content/Models/Pool_Balls/PoolBalls_10.uasset'
[2017.10.23-11.02.39:956][179]LogSavePackage: Display: Finished SavePackage D:/UnrealProjects/Unreal Billiards/UnrealBilliards/Content/Models/Pool_Balls/PoolBalls_10.uasset
[2017.10.23-11.02.39:971][179]Cmd: OBJ SAVEPACKAGE PACKAGE="/Game/Models/Pool_Balls/PoolBalls_11" FILE="D:/UnrealProjects/Unreal Billiards/UnrealBilliards/Content/Models/Pool_Balls/PoolBalls_11.uasset" SILENT=true
[2017.10.23-11.02.39:984][179]LogSavePackage: Save=11.09ms
[2017.10.23-11.02.39:985][179]LogSavePackage: Moving 'D:/UnrealProjects/Unreal Billiards/UnrealBilliards/Saved/PoolBalls_1117A6CC1F4FF23A9FDED0D78A5071DF1F.tmp' to 'D:/UnrealProjects/Unreal Billiards/UnrealBilliards/Content/Models/Pool_Balls/PoolBalls_11.uasset'
[2017.10.23-11.02.39:986][179]LogSavePackage: Display: Finished SavePackage D:/UnrealProjects/Unreal Billiards/UnrealBilliards/Content/Models/Pool_Balls/PoolBalls_11.uasset
[2017.10.23-11.02.40:001][179]Cmd: OBJ SAVEPACKAGE PACKAGE="/Game/Models/Pool_Balls/PoolBalls_12" FILE="D:/UnrealProjects/Unreal Billiards/UnrealBilliards/Content/Models/Pool_Balls/PoolBalls_12.uasset" SILENT=true
[2017.10.23-11.02.40:014][179]LogSavePackage: Save=10.76ms
[2017.10.23-11.02.40:014][179]LogSavePackage: Moving 'D:/UnrealProjects/Unreal Billiards/UnrealBilliards/Saved/PoolBalls_12012A6AC14FE13415F3AD6B98650E2058.tmp' to 'D:/UnrealProjects/Unreal Billiards/UnrealBilliards/Content/Models/Pool_Balls/PoolBalls_12.uasset'
[2017.10.23-11.02.40:016][179]LogSavePackage: Display: Finished SavePackage D:/UnrealProjects/Unreal Billiards/UnrealBilliards/Content/Models/Pool_Balls/PoolBalls_12.uasset
[2017.10.23-11.02.40:031][179]Cmd: OBJ SAVEPACKAGE PACKAGE="/Game/Models/Pool_Balls/PoolBalls_13" FILE="D:/UnrealProjects/Unreal Billiards/UnrealBilliards/Content/Models/Pool_Balls/PoolBalls_13.uasset" SILENT=true
[2017.10.23-11.02.40:044][179]LogSavePackage: Save=11.01ms
[2017.10.23-11.02.40:044][179]LogSavePackage: Moving 'D:/UnrealProjects/Unreal Billiards/UnrealBilliards/Saved/PoolBalls_139A7E7A724640DD6BB53651BC65FA0D9D.tmp' to 'D:/UnrealProjects/Unreal Billiards/UnrealBilliards/Content/Models/Pool_Balls/PoolBalls_13.uasset'
[2017.10.23-11.02.40:046][179]LogSavePackage: Display: Finished SavePackage D:/UnrealProjects/Unreal Billiards/UnrealBilliards/Content/Models/Pool_Balls/PoolBalls_13.uasset
[2017.10.23-11.02.40:061][179]Cmd: OBJ SAVEPACKAGE PACKAGE="/Game/Models/Pool_Balls/PoolBalls_14" FILE="D:/UnrealProjects/Unreal Billiards/UnrealBilliards/Content/Models/Pool_Balls/PoolBalls_14.uasset" SILENT=true
[2017.10.23-11.02.40:073][179]LogSavePackage: Save=10.60ms
[2017.10.23-11.02.40:073][179]LogSavePackage: Moving 'D:/UnrealProjects/Unreal Billiards/UnrealBilliards/Saved/PoolBalls_1403F574714CF2523AB792269842C8D306.tmp' to 'D:/UnrealProjects/Unreal Billiards/UnrealBilliards/Content/Models/Pool_Balls/PoolBalls_14.uasset'
[2017.10.23-11.02.40:075][179]LogSavePackage: Display: Finished SavePackage D:/UnrealProjects/Unreal Billiards/UnrealBilliards/Content/Models/Pool_Balls/PoolBalls_14.uasset
[2017.10.23-11.02.40:090][179]Cmd: OBJ SAVEPACKAGE PACKAGE="/Game/Models/Pool_Balls/PoolBalls_15" FILE="D:/UnrealProjects/Unreal Billiards/UnrealBilliards/Content/Models/Pool_Balls/PoolBalls_15.uasset" SILENT=true
[2017.10.23-11.02.40:104][179]LogSavePackage: Save=11.51ms
[2017.10.23-11.02.40:104][179]LogSavePackage: Moving 'D:/UnrealProjects/Unreal Billiards/UnrealBilliards/Saved/PoolBalls_15B72DF1F74871C2AC5C423F892CE2D23C.tmp' to 'D:/UnrealProjects/Unreal Billiards/UnrealBilliards/Content/Models/Pool_Balls/PoolBalls_15.uasset'
[2017.10.23-11.02.40:106][179]LogSavePackage: Display: Finished SavePackage D:/UnrealProjects/Unreal Billiards/UnrealBilliards/Content/Models/Pool_Balls/PoolBalls_15.uasset
[2017.10.23-11.02.44:670][660]LogActorFactory: Actor Factory created PoolBalls_2
[2017.10.23-11.02.45:119][712]LogActorFactory: Actor Factory created PoolBalls_2
[2017.10.23-11.02.51:137][397]LogEditorViewport: Clicking on Actor (LMB): StaticMeshActor (PoolBalls_2)
[2017.10.23-11.02.51:958][481]LogEditorViewport: Clicking on Actor (LMB): StaticMeshActor (PoolBalls_2)
[2017.10.23-11.02.52:593][555]Cmd: DELETE
[2017.10.23-11.02.52:593][555]Cmd: ACTOR DELETE
[2017.10.23-11.02.52:593][555]LogEditorActor: Deleted Actor: StaticMeshActor
[2017.10.23-11.02.52:605][555]LogEditorActor: Deleted 1 Actors (0.012 secs)
[2017.10.23-11.02.54:059][723]Cmd: OBJ SAVEPACKAGE PACKAGE="/Game/Levels/BilliardsLevel" FILE="D:/UnrealProjects/Unreal Billiards/UnrealBilliards/Content/Levels/BilliardsLevel.umap" SILENT=true AUTOSAVING=false KEEPDIRTY=false
[2017.10.23-11.02.54:091][723]LogSavePackage: Save=20.17ms
[2017.10.23-11.02.54:091][723]LogSavePackage: Moving 'D:/UnrealProjects/Unreal Billiards/UnrealBilliards/Saved/BilliardsLevel11B9D8844A006063D0B970A7197085A5.tmp' to 'D:/UnrealProjects/Unreal Billiards/UnrealBilliards/Content/Levels/BilliardsLevel.umap'
[2017.10.23-11.02.54:093][723]LogSavePackage: Display: Finished SavePackage D:/UnrealProjects/Unreal Billiards/UnrealBilliards/Content/Levels/BilliardsLevel.umap
[2017.10.23-11.02.54:108][723]Cmd: OBJ SAVEPACKAGE PACKAGE="/Game/Levels/BilliardsLevel_BuiltData" FILE="D:/UnrealProjects/Unreal Billiards/UnrealBilliards/Content/Levels/BilliardsLevel_BuiltData.uasset" SILENT=true
[2017.10.23-11.02.54:118][723]LogSavePackage: Save=9.44ms
[2017.10.23-11.02.54:119][723]LogSavePackage: Moving 'D:/UnrealProjects/Unreal Billiards/UnrealBilliards/Saved/BilliardsLevel_BuiltData4E36E5964FF5CB20387AC680948875BB.tmp' to 'D:/UnrealProjects/Unreal Billiards/UnrealBilliards/Content/Levels/BilliardsLevel_BuiltData.uasset'
[2017.10.23-11.02.54:120][723]LogSavePackage: Display: Finished SavePackage D:/UnrealProjects/Unreal Billiards/UnrealBilliards/Content/Levels/BilliardsLevel_BuiltData.uasset
[2017.10.23-11.02.55:633][880]Cmd: QUIT_EDITOR
[2017.10.23-11.02.55:667][880]LogExit: Preparing to exit.
[2017.10.23-11.02.56:874][880]LogExit: Editor shut down
[2017.10.23-11.02.56:876][880]LogExit: Transaction tracking system shut down
[2017.10.23-11.02.57:079][880]LogDirectoryWatcher: A directory notification for '../../../Engine/Content/' was aborted.
[2017.10.23-11.02.57:079][880]LogDirectoryWatcher: A directory notification for 'D:/UnrealProjects/Unreal Billiards/UnrealBilliards/Content/' was aborted.
[2017.10.23-11.02.57:079][880]LogDirectoryWatcher: A directory notification for '../../../Engine/Plugins/2D/Paper2D/Content/' was aborted.
[2017.10.23-11.02.57:079][880]LogDirectoryWatcher: A directory notification for '../../../Engine/Plugins/Runtime/Oculus/OculusVR/Content/' was aborted.
[2017.10.23-11.02.57:079][880]LogDirectoryWatcher: A directory notification for '../../../Engine/Plugins/Runtime/Steam/SteamVR/Content/' was aborted.
[2017.10.23-11.02.57:182][880]LogExit: Object subsystem successfully closed.
[2017.10.23-11.02.57:205][880]LogD3D11RHI: Shutdown
[2017.10.23-11.02.57:205][880]LogD3D11RHI: CleanupD3DDevice
[2017.10.23-11.02.57:325][880]LogD3D11RHI: ~FD3D11DynamicRHI
[2017.10.23-11.02.57:358][880]LogModuleManager: Shutting down and abandoning module StaticMeshEditor (532)
[2017.10.23-11.02.57:358][880]LogModuleManager: Shutting down and abandoning module HierarchicalLODOutliner (530)
[2017.10.23-11.02.57:359][880]LogModuleManager: Shutting down and abandoning module SceneOutliner (528)
[2017.10.23-11.02.57:359][880]LogModuleManager: Shutting down and abandoning module AddContentDialog (526)
[2017.10.23-11.02.57:359][880]LogDirectoryWatcher: A directory notification for 'C:/Program Files/Epic Games/4.17/FeaturePacks/' was aborted.
[2017.10.23-11.02.57:361][880]LogModuleManager: Shutting down and abandoning module WidgetCarousel (525)
[2017.10.23-11.02.57:361][880]LogModuleManager: Shutting down and abandoning module EditorWidgets (522)
[2017.10.23-11.02.57:361][880]LogModuleManager: Shutting down and abandoning module CollectionManager (520)
[2017.10.23-11.02.57:361][880]LogDirectoryWatcher: A directory notification for 'D:/UnrealProjects/Unreal Billiards/UnrealBilliards/Content/Collections/' was aborted.
[2017.10.23-11.02.57:361][880]LogDirectoryWatcher: A directory notification for 'D:/UnrealProjects/Unreal Billiards/UnrealBilliards/Content/Developers/svenos/Collections/' was aborted.
[2017.10.23-11.02.57:361][880]LogDirectoryWatcher: A directory notification for 'D:/UnrealProjects/Unreal Billiards/UnrealBilliards/Saved/Collections/' was aborted.
[2017.10.23-11.02.57:361][880]LogModuleManager: Shutting down and abandoning module StatsViewer (518)
[2017.10.23-11.02.57:361][880]LogModuleManager: Shutting down and abandoning module FoliageEdit (516)
[2017.10.23-11.02.57:362][880]LogModuleManager: Shutting down and abandoning module LandscapeEditor (514)
[2017.10.23-11.02.57:362][880]LogModuleManager: Shutting down and abandoning module MeshPaintMode (512)
[2017.10.23-11.02.57:362][880]LogModuleManager: Shutting down and abandoning module SceneDepthPickerMode (510)
[2017.10.23-11.02.57:362][880]LogModuleManager: Shutting down and abandoning module ActorPickerMode (508)
[2017.10.23-11.02.57:362][880]LogModuleManager: Shutting down and abandoning module GeometryMode (506)
[2017.10.23-11.02.57:363][880]LogModuleManager: Shutting down and abandoning module TextureAlignMode (504)
[2017.10.23-11.02.57:363][880]LogModuleManager: Shutting down and abandoning module BspMode (502)
[2017.10.23-11.02.57:363][880]LogModuleManager: Shutting down and abandoning module PIEPreviewDeviceProfileSelector (500)
[2017.10.23-11.02.57:363][880]LogModuleManager: Shutting down and abandoning module HardwareSurvey (498)
[2017.10.23-11.02.57:363][880]LogModuleManager: Shutting down and abandoning module SequenceRecorderSections (496)
[2017.10.23-11.02.57:363][880]LogModuleManager: Shutting down and abandoning module AutomationWorker (494)
[2017.10.23-11.02.57:363][880]LogModuleManager: Shutting down and abandoning module MatineeToLevelSequence (492)
[2017.10.23-11.02.57:364][880]LogModuleManager: Shutting down and abandoning module LevelSequenceEditor (490)
[2017.10.23-11.02.57:366][880]LogModuleManager: Shutting down and abandoning module PlacementMode (489)
[2017.10.23-11.02.57:366][880]LogModuleManager: Shutting down and abandoning module WmfMediaFactory (486)
[2017.10.23-11.02.57:366][880]LogModuleManager: Shutting down and abandoning module WmfMediaEditor (484)
[2017.10.23-11.02.57:366][880]LogModuleManager: Shutting down and abandoning module AvfMediaFactory (482)
[2017.10.23-11.02.57:366][880]LogModuleManager: Shutting down and abandoning module AvfMediaEditor (480)
[2017.10.23-11.02.57:366][880]LogModuleManager: Shutting down and abandoning module AndroidMediaFactory (478)
[2017.10.23-11.02.57:366][880]LogModuleManager: Shutting down and abandoning module Media (477)
[2017.10.23-11.02.57:366][880]LogModuleManager: Shutting down and abandoning module AndroidMediaEditor (474)
[2017.10.23-11.02.57:366][880]LogModuleManager: Shutting down and abandoning module CharacterAI (472)
[2017.10.23-11.02.57:366][880]LogModuleManager: Shutting down and abandoning module AudioCapture (470)
[2017.10.23-11.02.57:366][880]LogModuleManager: Shutting down and abandoning module SequenceRecorder (469)
[2017.10.23-11.02.57:366][880]LogModuleManager: Shutting down and abandoning module SmartSnapping (466)
[2017.10.23-11.02.57:366][880]LogModuleManager: Shutting down and abandoning module SessionServices (464)
[2017.10.23-11.02.57:366][880]LogModuleManager: Shutting down and abandoning module ViewportSnapping (462)
[2017.10.23-11.02.57:366][880]LogModuleManager: Shutting down and abandoning module ViewportInteraction (460)
[2017.10.23-11.02.57:366][880]LogModuleManager: Shutting down and abandoning module ClothPainter (458)
[2017.10.23-11.02.57:367][880]LogModuleManager: Shutting down and abandoning module LogVisualizer (456)
[2017.10.23-11.02.57:368][880]LogModuleManager: Shutting down and abandoning module IntroTutorials (454)
[2017.10.23-11.02.57:369][880]LogModuleManager: Shutting down and abandoning module GameProjectGeneration (453)
[2017.10.23-11.02.57:370][880]LogModuleManager: Shutting down and abandoning module IOSPlatformEditor (450)
[2017.10.23-11.02.57:370][880]LogModuleManager: Shutting down and abandoning module HTML5PlatformEditor (448)
[2017.10.23-11.02.57:370][880]LogModuleManager: Shutting down and abandoning module AndroidPlatformEditor (446)
[2017.10.23-11.02.57:370][880]LogModuleManager: Shutting down and abandoning module AndroidDeviceDetection (445)
[2017.10.23-11.02.58:234][880]LogModuleManager: Shutting down and abandoning module WindowsPlatformEditor (442)
[2017.10.23-11.02.58:234][880]LogModuleManager: Shutting down and abandoning module IOSRuntimeSettings (440)
[2017.10.23-11.02.58:234][880]LogModuleManager: Shutting down and abandoning module AndroidRuntimeSettings (438)
[2017.10.23-11.02.58:234][880]LogModuleManager: Shutting down and abandoning module InputBindingEditor (436)
[2017.10.23-11.02.58:236][880]LogModuleManager: Shutting down and abandoning module MergeActors (434)
[2017.10.23-11.02.58:237][880]LogModuleManager: Shutting down and abandoning module SizeMap (432)
[2017.10.23-11.02.58:237][880]LogModuleManager: Shutting down and abandoning module TreeMap (430)
[2017.10.23-11.02.58:237][880]LogModuleManager: Shutting down and abandoning module ReferenceViewer (428)
[2017.10.23-11.02.58:237][880]LogModuleManager: Shutting down and abandoning module LocalizationDashboard (426)
[2017.10.23-11.02.58:238][880]LogModuleManager: Shutting down and abandoning module LocalizationService (425)
[2017.10.23-11.02.58:238][880]LogModuleManager: Shutting down and abandoning module HardwareTargeting (422)
[2017.10.23-11.02.58:239][880]LogModuleManager: Shutting down and abandoning module DeviceProfileEditor (420)
[2017.10.23-11.02.58:239][880]LogModuleManager: Shutting down and abandoning module UndoHistory (418)
[2017.10.23-11.02.58:239][880]LogModuleManager: Shutting down and abandoning module XmlParser (416)
[2017.10.23-11.02.58:239][880]LogModuleManager: Shutting down and abandoning module Blutility (414)
[2017.10.23-11.02.58:239][880]LogModuleManager: Shutting down and abandoning module ProjectSettingsViewer (412)
[2017.10.23-11.02.58:240][880]LogModuleManager: Shutting down and abandoning module ProjectTargetPlatformEditor (411)
[2017.10.23-11.02.58:240][880]LogModuleManager: Shutting down and abandoning module EditorSettingsViewer (408)
[2017.10.23-11.02.58:240][880]LogModuleManager: Shutting down and abandoning module SettingsEditor (406)
[2017.10.23-11.02.58:241][880]LogModuleManager: Shutting down and abandoning module ProjectLauncher (404)
[2017.10.23-11.02.58:241][880]LogModuleManager: Shutting down and abandoning module SessionFrontend (402)
[2017.10.23-11.02.58:241][880]LogModuleManager: Shutting down and abandoning module ProfilerClient (400)
[2017.10.23-11.02.58:242][880]LogModuleManager: Shutting down and abandoning module DeviceManager (398)
[2017.10.23-11.02.58:242][880]LogModuleManager: Shutting down and abandoning module TargetDeviceServices (397)
[2017.10.23-11.02.58:292][880]LogModuleManager: Shutting down and abandoning module AutomationController (394)
[2017.10.23-11.02.58:292][880]LogModuleManager: Shutting down and abandoning module AutomationWindow (392)
[2017.10.23-11.02.58:293][880]LogModuleManager: Shutting down and abandoning module Layers (390)
[2017.10.23-11.02.58:295][880]LogModuleManager: Shutting down and abandoning module ComponentVisualizers (388)
[2017.10.23-11.02.58:295][880]LogModuleManager: Shutting down and abandoning module DetailCustomizations (386)
[2017.10.23-11.02.58:295][880]LogModuleManager: Shutting down and abandoning module PackagesDialog (384)
[2017.10.23-11.02.58:296][880]LogModuleManager: Shutting down and abandoning module Persona (382)
[2017.10.23-11.02.58:297][880]LogModuleManager: Shutting down and abandoning module AdvancedPreviewScene (381)
[2017.10.23-11.02.58:297][880]LogModuleManager: Shutting down and abandoning module AnimGraph (379)
[2017.10.23-11.02.58:297][880]LogModuleManager: Shutting down and abandoning module Kismet (376)
[2017.10.23-11.02.58:298][880]LogModuleManager: Shutting down and abandoning module ClassViewer (374)
[2017.10.23-11.02.58:298][880]LogModuleManager: Shutting down and abandoning module Toolbox (372)
[2017.10.23-11.02.58:298][880]LogModuleManager: Shutting down and abandoning module ModuleUI (370)
[2017.10.23-11.02.58:298][880]LogModuleManager: Shutting down and abandoning module MovieSceneTools (368)
[2017.10.23-11.02.58:299][880]LogModuleManager: Shutting down and abandoning module OutputLog (366)
[2017.10.23-11.02.58:299][880]LogModuleManager: Shutting down and abandoning module GammaUI (364)
[2017.10.23-11.02.58:300][880]LogModuleManager: Shutting down and abandoning module Documentation (362)
[2017.10.23-11.02.58:300][880]LogModuleManager: Shutting down and abandoning module MovieSceneTracks (360)
[2017.10.23-11.02.58:300][880]LogModuleManager: Shutting down and abandoning module MovieScene (358)
[2017.10.23-11.02.58:300][880]LogModuleManager: Shutting down and abandoning module Niagara (356)
[2017.10.23-11.02.58:300][880]LogModuleManager: Shutting down and abandoning module NiagaraEditor (355)
[2017.10.23-11.02.58:301][880]LogModuleManager: Shutting down and abandoning module StreamingPauseRendering (352)
[2017.10.23-11.02.58:301][880]LogModuleManager: Shutting down and abandoning module LauncherPlatform (350)
[2017.10.23-11.02.58:301][880]LogModuleManager: Shutting down and abandoning module AnalyticsET (348)
[2017.10.23-11.02.58:301][880]LogModuleManager: Shutting down and abandoning module PortalServices (346)
[2017.10.23-11.02.58:301][880]LogModuleManager: Shutting down and abandoning module PortalRpc (344)
[2017.10.23-11.02.58:301][880]LogModuleManager: Shutting down and abandoning module MessagingRpc (342)
[2017.10.23-11.02.58:301][880]LogModuleManager: Shutting down and abandoning module AIModule (340)
[2017.10.23-11.02.58:301][880]LogModuleManager: Shutting down and abandoning module GameplayDebugger (339)
[2017.10.23-11.02.58:302][880]LogModuleManager: Shutting down and abandoning module AITestSuite (337)
[2017.10.23-11.02.58:302][880]LogModuleManager: Shutting down and abandoning module ProfilerService (334)
[2017.10.23-11.02.58:456][880]LogModuleManager: Shutting down and abandoning module TaskGraph (332)
[2017.10.23-11.02.58:458][880]LogModuleManager: Shutting down and abandoning module SteamVRController (330)
[2017.10.23-11.02.58:459][880]LogModuleManager: Shutting down and abandoning module ProceduralMeshComponentEditor (328)
[2017.10.23-11.02.58:459][880]LogModuleManager: Shutting down and abandoning module ProceduralMeshComponent (326)
[2017.10.23-11.02.58:459][880]LogModuleManager: Shutting down and abandoning module OculusInput (324)
[2017.10.23-11.02.58:459][880]LogModuleManager: Shutting down and abandoning module MobilePatchingUtils (322)
[2017.10.23-11.02.58:459][880]LogModuleManager: Shutting down and abandoning module CustomMeshComponent (320)
[2017.10.23-11.02.58:459][880]LogModuleManager: Shutting down and abandoning module CableComponent (318)
[2017.10.23-11.02.58:459][880]LogModuleManager: Shutting down and abandoning module ArchVisCharacter (316)
[2017.10.23-11.02.58:459][880]LogModuleManager: Shutting down and abandoning module AndroidPermission (314)
[2017.10.23-11.02.58:459][880]LogModuleManager: Shutting down and abandoning module MediaPlayerEditor (310)
[2017.10.23-11.02.58:461][880]LogModuleManager: Shutting down and abandoning module HTML5Networking (308)
[2017.10.23-11.02.58:461][880]LogModuleManager: Shutting down and abandoning module AlembicImporter (306)
[2017.10.23-11.02.58:461][880]LogModuleManager: Shutting down and abandoning module AlembicLibrary (305)
[2017.10.23-11.02.58:461][880]LogModuleManager: Shutting down and abandoning module GeometryCache (304)
[2017.10.23-11.02.58:461][880]LogModuleManager: Shutting down and abandoning module GeometryCacheEd (303)
[2017.10.23-11.02.58:461][880]LogModuleManager: Shutting down and abandoning module SpeedTreeImporter (298)
[2017.10.23-11.02.58:461][880]LogModuleManager: Shutting down and abandoning module PluginBrowser (296)
[2017.10.23-11.02.58:463][880]LogModuleManager: Shutting down and abandoning module MobileLauncherProfileWizard (294)
[2017.10.23-11.02.58:463][880]LogModuleManager: Shutting down and abandoning module VisualStudioSourceCodeAccess (292)
[2017.10.23-11.02.58:463][880]LogModuleManager: Shutting down and abandoning module DesktopPlatform (291)
[2017.10.23-11.02.58:464][880]LogModuleManager: Shutting down and abandoning module UObjectPlugin (288)
[2017.10.23-11.02.58:464][880]LogModuleManager: Shutting down and abandoning module SubversionSourceControl (286)
[2017.10.23-11.02.58:464][880]LogModuleManager: Shutting down and abandoning module PerforceSourceControl (284)
[2017.10.23-11.02.58:465][880]LogModuleManager: Shutting down and abandoning module GitSourceControl (282)
[2017.10.23-11.02.58:466][880]LogModuleManager: Shutting down and abandoning module SourceControl (281)
[2017.10.23-11.02.58:466][880]LogModuleManager: Shutting down and abandoning module LightPropagationVolumeEditor (278)
[2017.10.23-11.02.58:466][880]LogModuleManager: Shutting down and abandoning module PaperTiledImporter (276)
[2017.10.23-11.02.58:466][880]LogModuleManager: Shutting down and abandoning module PaperSpriteSheetImporter (274)
[2017.10.23-11.02.58:466][880]LogModuleManager: Shutting down and abandoning module Paper2DEditor (272)
[2017.10.23-11.02.58:467][880]LogModuleManager: Shutting down and abandoning module MeshPaint (271)
[2017.10.23-11.02.58:467][880]LogModuleManager: Shutting down and abandoning module LevelEditor (269)
[2017.10.23-11.02.58:468][880]LogModuleManager: Shutting down and abandoning module PixelInspectorModule (268)
[2017.10.23-11.02.58:469][880]LogModuleManager: Shutting down and abandoning module MainFrame (266)
[2017.10.23-11.02.58:469][880]LogModuleManager: Shutting down and abandoning module HotReload (265)
[2017.10.23-11.02.58:470][880]LogModuleManager: Shutting down and abandoning module RuntimePhysXCooking (260)
[2017.10.23-11.02.58:470][880]LogModuleManager: Shutting down and abandoning module PhysXVehiclesEditor (258)
[2017.10.23-11.02.58:470][880]LogModuleManager: Shutting down and abandoning module PhysXVehicles (256)
[2017.10.23-11.02.58:470][880]LogModuleManager: Shutting down and abandoning module OculusEditor (254)
[2017.10.23-11.02.58:470][880]LogModuleManager: Shutting down and abandoning module LocationServicesBPLibrary (252)
[2017.10.23-11.02.58:470][880]LogModuleManager: Shutting down and abandoning module ImmediatePhysicsEditor (250)
[2017.10.23-11.02.58:470][880]LogModuleManager: Shutting down and abandoning module ImmediatePhysics (248)
[2017.10.23-11.02.58:470][880]LogModuleManager: Shutting down and abandoning module UdpMessaging (246)
[2017.10.23-11.02.58:570][880]LogModuleManager: Shutting down and abandoning module TcpMessaging (244)
[2017.10.23-11.02.58:671][880]LogModuleManager: Shutting down and abandoning module GameplayTagsEditor (242)
[2017.10.23-11.02.58:673][880]LogModuleManager: Shutting down and abandoning module FacialAnimationEditor (240)
[2017.10.23-11.02.58:673][880]LogModuleManager: Shutting down and abandoning module FacialAnimation (238)
[2017.10.23-11.02.58:673][880]LogModuleManager: Shutting down and abandoning module AssetManagerEditor (236)
[2017.10.23-11.02.58:674][880]LogModuleManager: Shutting down and abandoning module GraphEditor (235)
[2017.10.23-11.02.58:674][880]LogModuleManager: Shutting down and abandoning module ContentBrowser (233)
[2017.10.23-11.02.58:675][880]LogModuleManager: Shutting down and abandoning module LightPropagationVolumeRuntime (230)
[2017.10.23-11.02.58:675][880]LogModuleManager: Shutting down and abandoning module Paper2D (228)
[2017.10.23-11.02.58:675][880]LogModuleManager: Shutting down and abandoning module WindowsMoviePlayer (226)
[2017.10.23-11.02.58:676][880]LogModuleManager: Shutting down and abandoning module WmfMedia (224)
[2017.10.23-11.02.58:677][880]LogModuleManager: Shutting down and abandoning module PacketHandler (222)
[2017.10.23-11.02.58:677][880]LogModuleManager: Shutting down and abandoning module ClothingSystemEditor (220)
[2017.10.23-11.02.58:677][880]LogModuleManager: Shutting down and abandoning module ClothingSystemRuntime (218)
[2017.10.23-11.02.58:678][880]LogModuleManager: Shutting down and abandoning module Overlay (216)
[2017.10.23-11.02.58:678][880]LogModuleManager: Shutting down and abandoning module OverlayEditor (215)
[2017.10.23-11.02.58:678][880]LogModuleManager: Shutting down and abandoning module MediaAssets (212)
[2017.10.23-11.02.58:678][880]LogModuleManager: Shutting down and abandoning module VREditor (210)
[2017.10.23-11.02.58:679][880]LogModuleManager: Shutting down and abandoning module StringTableEditor (208)
[2017.10.23-11.02.58:679][880]LogModuleManager: Shutting down and abandoning module GameplayTasksEditor (206)
[2017.10.23-11.02.58:679][880]LogModuleManager: Shutting down and abandoning module BehaviorTreeEditor (204)
[2017.10.23-11.02.58:681][880]LogModuleManager: Shutting down and abandoning module FunctionalTesting (202)
[2017.10.23-11.02.58:681][880]LogModuleManager: Shutting down and abandoning module CollisionAnalyzer (200)
[2017.10.23-11.02.58:681][880]LogModuleManager: Shutting down and abandoning module WorkspaceMenuStructure (199)
[2017.10.23-11.02.58:681][880]LogModuleManager: Shutting down and abandoning module UMG (196)
[2017.10.23-11.02.58:682][880]LogModuleManager: Shutting down and abandoning module UMGEditor (195)
[2017.10.23-11.02.58:684][880]LogModuleManager: Shutting down and abandoning module Sequencer (194)
[2017.10.23-11.02.58:684][880]LogModuleManager: Shutting down and abandoning module MessageLog (191)
[2017.10.23-11.02.58:685][880]LogModuleManager: Shutting down and abandoning module SlateReflector (186)
[2017.10.23-11.02.58:686][880]LogModuleManager: Shutting down and abandoning module Slate (184)
[2017.10.23-11.02.58:686][880]LogModuleManager: Shutting down and abandoning module EditorStyle (182)
[2017.10.23-11.02.58:689][880]LogModuleManager: Shutting down and abandoning module MRMesh (180)
[2017.10.23-11.02.58:689][880]LogModuleManager: Shutting down and abandoning module SourceCodeAccess (178)
[2017.10.23-11.02.58:689][880]LogModuleManager: Shutting down and abandoning module HeadMountedDisplay (176)
[2017.10.23-11.02.58:689][880]LogModuleManager: Shutting down and abandoning module XAudio2 (174)
[2017.10.23-11.02.58:689][880]LogModuleManager: Shutting down and abandoning module Networking (172)
[2017.10.23-11.02.58:689][880]LogModuleManager: Shutting down and abandoning module Core (168)
[2017.10.23-11.02.58:689][880]LogModuleManager: Shutting down and abandoning module KismetCompiler (164)
[2017.10.23-11.02.58:689][880]LogModuleManager: Shutting down and abandoning module MeshUtilities (162)
[2017.10.23-11.02.58:689][880]LogModuleManager: Shutting down and abandoning module MeshMergeUtilities (161)
[2017.10.23-11.02.58:690][880]LogModuleManager: Shutting down and abandoning module MeshReductionInterface (160)
[2017.10.23-11.02.58:690][880]LogModuleManager: Shutting down and abandoning module SimplygonSwarm (159)
[2017.10.23-11.02.58:690][880]LogModuleManager: Shutting down and abandoning module SimplygonMeshReduction (157)
[2017.10.23-11.02.58:690][880]LogModuleManager: Shutting down and abandoning module QuadricMeshReduction (155)
[2017.10.23-11.02.58:690][880]LogModuleManager: Shutting down and abandoning module MaterialBaking (151)
[2017.10.23-11.02.58:691][880]LogModuleManager: Shutting down and abandoning module LevelSequence (148)
[2017.10.23-11.02.58:691][880]LogModuleManager: Shutting down and abandoning module DirectoryWatcher (146)
[2017.10.23-11.02.58:691][880]LogModuleManager: Shutting down and abandoning module DerivedDataCache (144)
[2017.10.23-11.02.58:715][880]LogDerivedDataCache: Shutdown
[2017.10.23-11.02.58:715][880]LogModuleManager: Shutting down and abandoning module TargetPlatform (142)
[2017.10.23-11.02.58:715][880]LogModuleManager: Shutting down and abandoning module VulkanShaderFormat (141)
[2017.10.23-11.02.58:716][880]LogModuleManager: Shutting down and abandoning module ShaderFormatVectorVM (139)
[2017.10.23-11.02.58:716][880]LogModuleManager: Shutting down and abandoning module ShaderFormatOpenGL (137)
[2017.10.23-11.02.58:717][880]LogModuleManager: Shutting down and abandoning module ShaderFormatD3D (135)
[2017.10.23-11.02.58:717][880]LogModuleManager: Shutting down and abandoning module MetalShaderFormat (133)
[2017.10.23-11.02.58:717][880]LogModuleManager: Shutting down and abandoning module TextureFormatUncompressed (131)
[2017.10.23-11.02.58:718][880]LogModuleManager: Shutting down and abandoning module TextureFormatPVR (129)
[2017.10.23-11.02.58:718][880]LogModuleManager: Shutting down and abandoning module TextureFormatDXT (127)
[2017.10.23-11.02.58:718][880]LogModuleManager: Shutting down and abandoning module TextureFormatIntelISPCTexComp (125)
[2017.10.23-11.02.58:718][880]LogModuleManager: Shutting down and abandoning module TextureFormatASTC (123)
[2017.10.23-11.02.58:718][880]LogModuleManager: Shutting down and abandoning module ImageWrapper (122)
[2017.10.23-11.02.58:718][880]LogModuleManager: Shutting down and abandoning module TextureFormatAndroid (119)
[2017.10.23-11.02.58:718][880]LogModuleManager: Shutting down and abandoning module AudioFormatOpus (117)
[2017.10.23-11.02.58:718][880]LogModuleManager: Shutting down and abandoning module AudioFormatOgg (115)
[2017.10.23-11.02.58:718][880]LogModuleManager: Shutting down and abandoning module AudioFormatADPCM (113)
[2017.10.23-11.02.58:718][880]LogModuleManager: Shutting down and abandoning module LinuxTargetPlatform (111)
[2017.10.23-11.02.58:718][880]LogModuleManager: Shutting down and abandoning module LinuxServerTargetPlatform (109)
[2017.10.23-11.02.58:718][880]LogModuleManager: Shutting down and abandoning module LinuxNoEditorTargetPlatform (107)
[2017.10.23-11.02.58:718][880]LogModuleManager: Shutting down and abandoning module LinuxClientTargetPlatform (105)
[2017.10.23-11.02.58:718][880]LogModuleManager: Shutting down and abandoning module TVOSTargetPlatform (103)
[2017.10.23-11.02.58:718][880]LogModuleManager: Shutting down and abandoning module Messaging (101)
[2017.10.23-11.02.58:718][880]LogModuleManager: Shutting down and abandoning module IOSTargetPlatform (99)
[2017.10.23-11.02.58:718][880]LogModuleManager: Shutting down and abandoning module HTML5TargetPlatform (97)
[2017.10.23-11.02.58:718][880]LogModuleManager: Shutting down and abandoning module Android_PVRTCTargetPlatform (95)
[2017.10.23-11.02.58:718][880]LogModuleManager: Shutting down and abandoning module Android_MultiTargetPlatform (93)
[2017.10.23-11.02.58:718][880]LogModuleManager: Shutting down and abandoning module Android_ETC2TargetPlatform (91)
[2017.10.23-11.02.58:718][880]LogModuleManager: Shutting down and abandoning module Android_ETC1TargetPlatform (89)
[2017.10.23-11.02.58:718][880]LogModuleManager: Shutting down and abandoning module Android_DXTTargetPlatform (87)
[2017.10.23-11.02.58:718][880]LogModuleManager: Shutting down and abandoning module Android_ATCTargetPlatform (85)
[2017.10.23-11.02.58:718][880]LogModuleManager: Shutting down and abandoning module Android_ASTCTargetPlatform (83)
[2017.10.23-11.02.58:718][880]LogModuleManager: Shutting down and abandoning module AndroidTargetPlatform (81)
[2017.10.23-11.02.58:718][880]LogModuleManager: Shutting down and abandoning module WindowsTargetPlatform (79)
[2017.10.23-11.02.58:718][880]LogModuleManager: Shutting down and abandoning module WindowsServerTargetPlatform (77)
[2017.10.23-11.02.58:718][880]LogModuleManager: Shutting down and abandoning module WindowsNoEditorTargetPlatform (75)
[2017.10.23-11.02.58:718][880]LogModuleManager: Shutting down and abandoning module WindowsClientTargetPlatform (73)
[2017.10.23-11.02.58:718][880]LogModuleManager: Shutting down and abandoning module MacTargetPlatform (71)
[2017.10.23-11.02.58:718][880]LogModuleManager: Shutting down and abandoning module MacServerTargetPlatform (69)
[2017.10.23-11.02.58:718][880]LogModuleManager: Shutting down and abandoning module MacNoEditorTargetPlatform (67)
[2017.10.23-11.02.58:718][880]LogModuleManager: Shutting down and abandoning module MacClientTargetPlatform (65)
[2017.10.23-11.02.58:719][880]LogModuleManager: Shutting down and abandoning module AllDesktopTargetPlatform (63)
[2017.10.23-11.02.58:719][880]LogModuleManager: Shutting down and abandoning module InputCore (60)
[2017.10.23-11.02.58:719][880]LogModuleManager: Shutting down and abandoning module Settings (58)
[2017.10.23-11.02.58:719][880]LogModuleManager: Shutting down and abandoning module PhysXCooking (56)
[2017.10.23-11.02.58:719][880]LogModuleManager: Shutting down and abandoning module SteamVR (54)
[2017.10.23-11.02.58:719][880]LogModuleManager: Shutting down and abandoning module OculusHMD (52)
[2017.10.23-11.02.58:719][880]LogModuleManager: Shutting down and abandoning module ExampleDeviceProfileSelector (50)
[2017.10.23-11.02.58:719][880]LogModuleManager: Shutting down and abandoning module OnlineBlueprintSupport (48)
[2017.10.23-11.02.58:719][880]LogModuleManager: Shutting down and abandoning module OnlineSubsystem (44)
[2017.10.23-11.02.58:719][880]LogOnline: Display: Unloading online subsystem: NULL
[2017.10.23-11.02.58:720][880]LogModuleManager: Shutting down and abandoning module XMPP (43)
[2017.10.23-11.02.58:721][880]LogModuleManager: Shutting down and abandoning module HTTP (41)
[2017.10.23-11.02.58:721][880]LogHttp: Display: Http module shutting down, but needs to wait on 1 outstanding Http requests:
[2017.10.23-11.02.58:722][880]LogHttp: Display: 	verb=[POST] url=[https://datarouter.ol.epicgames.com/datarouter/api/v1/public/data?SessionID=%7B0780F888-4FC4-45F5-7ED8-AA8BEB396E6A%7D&AppID=UEEditor.Rocket.Release&AppVersion=4.17.2-3658906%2B%2B%2BUE4%2BRelease-4.17&UserID=89c42780487290bf0e1742a504dab30d%7C1233a64788054df395f9622c3ce6b3ec%7C2657d383-c71c-4f87-999b-40923e3cd8a0&AppEnvironment=datacollector-binary&UploadType=eteventstream] status=Processing
[2017.10.23-11.02.58:745][880]LogModuleManager: Shutting down and abandoning module SSL (40)
[2017.10.23-11.02.58:747][880]LogModuleManager: Shutting down and abandoning module AnimationModifiers (36)
[2017.10.23-11.02.58:747][880]LogModuleManager: Shutting down and abandoning module PropertyEditor (35)
[2017.10.23-11.02.58:747][880]LogModuleManager: Shutting down and abandoning module AudioEditor (32)
[2017.10.23-11.02.58:748][880]LogModuleManager: Shutting down and abandoning module TextureCompressor (30)
[2017.10.23-11.02.58:748][880]LogModuleManager: Shutting down and abandoning module ShaderCore (28)
[2017.10.23-11.02.58:748][880]LogModuleManager: Shutting down and abandoning module Landscape (26)
[2017.10.23-11.02.58:748][880]LogModuleManager: Shutting down and abandoning module SlateRHIRenderer (24)
[2017.10.23-11.02.58:750][880]LogModuleManager: Shutting down and abandoning module OpenGLDrv (22)
[2017.10.23-11.02.58:750][880]LogModuleManager: Shutting down and abandoning module D3D11RHI (20)
[2017.10.23-11.02.58:750][880]LogModuleManager: Shutting down and abandoning module AnimGraphRuntime (18)
[2017.10.23-11.02.58:750][880]LogModuleManager: Shutting down and abandoning module Renderer (16)
[2017.10.23-11.02.58:750][880]LogModuleManager: Shutting down and abandoning module Engine (14)
[2017.10.23-11.02.58:750][880]LogModuleManager: Shutting down and abandoning module CoreUObject (12)
[2017.10.23-11.02.58:750][880]LogModuleManager: Shutting down and abandoning module NetworkFile (10)
[2017.10.23-11.02.58:751][880]LogModuleManager: Shutting down and abandoning module CookedIterativeFile (8)
[2017.10.23-11.02.58:751][880]LogModuleManager: Shutting down and abandoning module StreamingFile (6)
[2017.10.23-11.02.58:751][880]LogModuleManager: Shutting down and abandoning module SandboxFile (4)
[2017.10.23-11.02.58:751][880]LogModuleManager: Shutting down and abandoning module PakFile (2)
[2017.10.23-11.02.58:754][880]LogExit: Exiting.
[2017.10.23-11.02.58:761][880]Log file closed, 10/23/17 13:02:58
